<?xml version="1.0" encoding="UTF-8"?>
<!-- Generated by org.testng.reporters.JUnitReportReporter -->
<testsuite hostname="PMCW0881" failures="0" tests="4" name="com.booking.tests.LoginTest" time="62.141" errors="0" timestamp="2025-06-19T17:50:27 ICT" skipped="0">
  <testcase classname="com.booking.tests.LoginTest" name="accessBookingWebsite" time="7.475"/>
  <testcase classname="com.booking.tests.LoginTest" name="checkPopup" time="10.521"/>
  <testcase classname="com.booking.tests.LoginTest" name="Login" time="3.577"/>
  <testcase classname="com.booking.tests.LoginTest" name="InputEmailAndSubmit" time="40.568"/>
</testsuite> <!-- com.booking.tests.LoginTest -->
